{"level":"error","message":"Internal Server Error","services":"VENDOR WEB APP","timestamp":"2025-01-27T19:51:27.232Z"}
{"level":"error","message":"Internal Server Error","services":"VENDOR WEB APP","timestamp":"2025-01-27T19:51:36.226Z"}
{"level":"error","message":"Internal Server Error","services":"VENDOR WEB APP","timestamp":"2025-01-27T19:52:06.552Z"}
{"level":"error","message":"Internal Server Error","services":"VENDOR WEB APP","timestamp":"2025-01-27T19:52:19.547Z"}
{"level":"error","message":"connect ECONNREFUSED 65.2.134.100:27017","services":"VENDOR WEB APP","timestamp":"2025-01-27T19:56:30.462Z"}
{"level":"error","message":"Internal Server Error","services":"VENDOR WEB APP","timestamp":"2025-01-27T19:59:33.521Z"}
{"level":"error","message":"Internal Server Error","services":"VENDOR WEB APP","timestamp":"2025-01-27T20:01:52.230Z"}
{"level":"error","message":"Internal Server Error","services":"VENDOR WEB APP","timestamp":"2025-01-27T20:04:43.827Z"}
{"level":"error","message":"Internal Server Error","services":"VENDOR WEB APP","timestamp":"2025-01-27T20:10:51.307Z"}
{"level":"error","message":"Internal Server Error","services":"VENDOR WEB APP","timestamp":"2025-01-27T20:11:16.747Z"}
{"level":"error","message":"Internal Server Error","services":"VENDOR WEB APP","timestamp":"2025-01-27T20:11:18.606Z"}
{"level":"error","message":"Internal Server Error","services":"VENDOR WEB APP","timestamp":"2025-01-27T20:13:04.635Z"}
{"level":"error","message":"Internal Server Error","services":"VENDOR WEB APP","timestamp":"2025-01-27T20:18:29.352Z"}
{"level":"error","message":"Internal Server Error","services":"VENDOR WEB APP","timestamp":"2025-01-27T20:22:31.412Z"}
{"level":"error","message":"Internal Server Error","services":"VENDOR WEB APP","timestamp":"2025-01-27T20:22:33.498Z"}
{"level":"error","message":"Internal Server Error","services":"VENDOR WEB APP","timestamp":"2025-01-27T20:23:13.456Z"}
{"level":"error","message":"Internal Server Error","services":"VENDOR WEB APP","timestamp":"2025-01-27T20:23:15.351Z"}
{"level":"error","message":"Internal Server Error","services":"VENDOR WEB APP","timestamp":"2025-01-27T20:23:38.712Z"}
{"level":"error","message":"Internal Server Error","services":"VENDOR WEB APP","timestamp":"2025-01-27T20:23:40.599Z"}
{"level":"error","message":"Internal Server Error","services":"VENDOR WEB APP","timestamp":"2025-01-28T06:14:57.847Z"}
{"level":"error","message":"connect ETIMEDOUT 65.2.134.100:27017","services":"VENDOR WEB APP","timestamp":"2025-01-28T06:19:45.918Z"}
{"level":"error","message":"Internal Server Error","services":"VENDOR WEB APP","timestamp":"2025-01-28T06:21:55.541Z"}
{"level":"error","message":"Could not connect to any servers in your MongoDB Atlas cluster. One common reason is that you're trying to access the database from an IP that isn't whitelisted. Make sure your current IP address is on your Atlas cluster's IP whitelist: https://www.mongodb.com/docs/atlas/security-whitelist/","services":"VENDOR WEB APP","timestamp":"2025-01-28T06:23:41.887Z"}
{"level":"error","message":"Could not connect to any servers in your MongoDB Atlas cluster. One common reason is that you're trying to access the database from an IP that isn't whitelisted. Make sure your current IP address is on your Atlas cluster's IP whitelist: https://www.mongodb.com/docs/atlas/security-whitelist/","services":"VENDOR WEB APP","timestamp":"2025-01-28T06:24:25.709Z"}
{"level":"error","message":"Internal Server Error","services":"VENDOR WEB APP","timestamp":"2025-01-28T06:28:23.289Z"}
{"level":"error","message":"Internal Server Error","services":"VENDOR WEB APP","timestamp":"2025-01-28T06:28:25.352Z"}
{"level":"error","message":"Internal Server Error","services":"VENDOR WEB APP","timestamp":"2025-01-28T06:32:15.035Z"}
{"level":"error","message":"Internal Server Error","services":"VENDOR WEB APP","timestamp":"2025-01-28T06:32:16.804Z"}
{"level":"error","message":"Internal Server Error","services":"VENDOR WEB APP","timestamp":"2025-01-28T06:32:53.113Z"}
{"level":"error","message":"Internal Server Error","services":"VENDOR WEB APP","timestamp":"2025-01-28T06:47:35.890Z"}
{"level":"error","message":"Internal Server Error","services":"VENDOR WEB APP","timestamp":"2025-01-28T06:47:37.851Z"}
{"level":"error","message":"Internal Server Error","services":"VENDOR WEB APP","timestamp":"2025-01-28T06:47:39.657Z"}
{"level":"error","message":"Internal Server Error","services":"VENDOR WEB APP","timestamp":"2025-01-28T06:50:12.786Z"}
{"level":"error","message":"Internal Server Error","services":"VENDOR WEB APP","timestamp":"2025-01-28T07:10:20.597Z"}
{"level":"error","message":"Internal Server Error","services":"VENDOR WEB APP","timestamp":"2025-01-28T07:10:23.817Z"}
{"level":"error","message":"Internal Server Error","services":"VENDOR WEB APP","timestamp":"2025-01-28T07:10:29.779Z"}
{"level":"error","message":"Internal Server Error","services":"VENDOR WEB APP","timestamp":"2025-01-28T07:15:25.106Z"}
{"level":"error","message":"Internal Server Error","services":"VENDOR WEB APP","timestamp":"2025-01-29T05:43:38.102Z"}
{"level":"error","message":"Internal Server Error","services":"VENDOR WEB APP","timestamp":"2025-01-29T05:53:44.502Z"}
{"level":"error","message":"Internal Server Error","services":"VENDOR WEB APP","timestamp":"2025-01-29T05:54:47.406Z"}
{"level":"error","message":"Internal Server Error","services":"VENDOR WEB APP","timestamp":"2025-01-29T05:54:50.473Z"}
{"level":"error","message":"Internal Server Error","services":"VENDOR WEB APP","timestamp":"2025-01-29T05:58:34.091Z"}
{"level":"error","message":"Internal Server Error","services":"VENDOR WEB APP","timestamp":"2025-01-29T05:58:36.549Z"}
{"level":"error","message":"Internal Server Error","services":"VENDOR WEB APP","timestamp":"2025-01-29T06:12:43.581Z"}
{"level":"error","message":"Internal Server Error","services":"VENDOR WEB APP","timestamp":"2025-01-29T06:17:40.739Z"}
{"level":"error","message":"Internal Server Error","services":"VENDOR WEB APP","timestamp":"2025-01-29T06:22:23.735Z"}
{"level":"error","message":"Internal Server Error","services":"VENDOR WEB APP","timestamp":"2025-01-29T06:26:41.122Z"}
{"level":"error","message":"connect ETIMEDOUT 65.2.134.100:27017","services":"VENDOR WEB APP","timestamp":"2025-01-29T06:32:57.849Z"}
{"level":"error","message":"connect ETIMEDOUT 65.2.134.100:27017","services":"VENDOR WEB APP","timestamp":"2025-01-29T06:37:24.905Z"}
{"level":"error","message":"Internal Server Error","services":"VENDOR WEB APP","timestamp":"2025-01-29T06:39:44.045Z"}
{"level":"error","message":"Internal Server Error","services":"VENDOR WEB APP","timestamp":"2025-01-29T06:41:51.355Z"}
{"level":"error","message":"Internal Server Error","services":"VENDOR WEB APP","timestamp":"2025-01-29T06:43:52.762Z"}
{"level":"error","message":"Authentication failed: invalid token","services":"VENDOR WEB APP","timestamp":"2025-01-29T06:59:20.809Z"}
